<?xml version="1.0" encoding="UTF-8"?>
<!-- Generated by org.testng.reporters.JUnitReportReporter -->
<testsuite skipped="0" hostname="AniketS-PC" name="logindemo.Loginstage.Testpage" tests="1" failures="0" timestamp="2019-02-02T23:27:54 IST" time="12.757" errors="0">
  <testcase name="setup" time="12.757" classname="logindemo.Loginstage.Testpage"/>
</testsuite> <!-- logindemo.Loginstage.Testpage -->
